<?xml version="1.0" encoding="UTF-8"?>
<!-- Generated by org.testng.reporters.JUnitXMLReporter -->
<testsuite ignored="0" hostname="DESKTOP-FKH366F" failures="0" tests="5" name="Free CRM Test " time="0.314" errors="0" timestamp="05 Apr 2018 16:34:16 GMT">
  <testcase classname="com.orion.qa.testcases.Test_DraftTimeSheet_SaveFunctionality" name="@BeforeClass InitObjects" time="0.0">
    <failure type="org.testng.TestNGException" message="
Parameter &amp;apos;Browser&amp;apos; is required by BeforeClass on method InitObjects but has not been marked @Optional or defined
in C:\Eclipse\Eclipse-Workspace\OrionTimeSheet\src\main\resources\testNG.xml">
      <![CDATA[org.testng.TestNGException: 
Parameter 'Browser' is required by BeforeClass on method InitObjects but has not been marked @Optional or defined
in C:\Eclipse\Eclipse-Workspace\OrionTimeSheet\src\main\resources\testNG.xml
... Removed 22 stack frames]]>
    </failure>
  </testcase> <!-- @BeforeClass InitObjects -->
  <testcase classname="com.orion.qa.testcases.Test_DraftTimeSheet_SaveFunctionality" name="@AfterClass CloseObjects" time="0.0">
    <skipped/>
  </testcase> <!-- @AfterClass CloseObjects -->
  <testcase classname="com.orion.qa.testcases.Test_DraftTimeSheet_SaveFunctionality" name="Test_LoginToOrion_IsSuccess" time="0.001">
    <skipped/>
  </testcase> <!-- Test_LoginToOrion_IsSuccess -->
  <testcase classname="com.orion.qa.testcases.Test_DraftTimeSheet_SaveFunctionality" name="Test_IfEditTimeSheetPage_Isdisplayed" time="0.0">
    <skipped/>
  </testcase> <!-- Test_IfEditTimeSheetPage_Isdisplayed -->
  <testcase classname="com.orion.qa.testcases.Test_DraftTimeSheet_SaveFunctionality" name="Test_IfSaveMessage_IsDisplayed" time="0.0">
    <skipped/>
  </testcase> <!-- Test_IfSaveMessage_IsDisplayed -->
  <testcase classname="com.orion.qa.testcases.Test_DraftTimeSheet_SaveFunctionality" name="Test_IfDataSavedCorrectly" time="0.0">
    <skipped/>
  </testcase> <!-- Test_IfDataSavedCorrectly -->
  <testcase classname="com.orion.qa.testcases.Test_DraftTimeSheet_SaveFunctionality" name="Test_LogoutfromOrion_IsSuccess" time="0.0">
    <skipped/>
  </testcase> <!-- Test_LogoutfromOrion_IsSuccess -->
</testsuite> <!-- Free CRM Test  -->
