<html>
<head>
<title>TestNG:  OrionTimeSheet_Chrome_Test_PreApprovedTimeSheet_CancelFunctionality</title>
<link href="../testng.css" rel="stylesheet" type="text/css" />
<link href="../my-testng.css" rel="stylesheet" type="text/css" />

<style type="text/css">
.log { display: none;} 
.stack-trace { display: none;} 
</style>
<script type="text/javascript">
<!--
function flip(e) {
  current = e.style.display;
  if (current == 'block') {
    e.style.display = 'none';
    return 0;
  }
  else {
    e.style.display = 'block';
    return 1;
  }
}

function toggleBox(szDivId, elem, msg1, msg2)
{
  var res = -1;  if (document.getElementById) {
    res = flip(document.getElementById(szDivId));
  }
  else if (document.all) {
    // this is the way old msie versions work
    res = flip(document.all[szDivId]);
  }
  if(elem) {
    if(res == 0) elem.innerHTML = msg1; else elem.innerHTML = msg2;
  }

}

function toggleAllBoxes() {
  if (document.getElementsByTagName) {
    d = document.getElementsByTagName('div');
    for (i = 0; i < d.length; i++) {
      if (d[i].className == 'log') {
        flip(d[i]);
      }
    }
  }
}

// -->
</script>

</head>
<body>
<h2 align='center'>OrionTimeSheet_Chrome_Test_PreApprovedTimeSheet_CancelFunctionality</h2><table border='1' align="center">
<tr>
<td>Tests passed/Failed/Skipped:</td><td>1/1/4</td>
</tr><tr>
<td>Started on:</td><td>Mon May 21 11:51:04 EDT 2018</td>
</tr>
<tr><td>Total time:</td><td>22 seconds (22268 ms)</td>
</tr><tr>
<td>Included groups:</td><td></td>
</tr><tr>
<td>Excluded groups:</td><td></td>
</tr>
</table><p/>
<small><i>(Hover the method name to see the test class name)</i></small><p/>
<table width='100%' border='1' class='invocation-failed'>
<tr><td colspan='4' align='center'><b>FAILED CONFIGURATIONS</b></td></tr>
<tr><td><b>Test method</b></td>
<td width="30%"><b>Exception</b></td>
<td width="10%"><b>Time (seconds)</b></td>
<td><b>Instance</b></td>
</tr>
<tr>
<td title='com.orion.qa.testcases.Test_PreApprovedTimeSheet_CancelFunctionality.CloseObjects()'><b>CloseObjects</b><br>Test class: com.orion.qa.testcases.Test_PreApprovedTimeSheet_CancelFunctionality</td>
<td><div><pre>java.lang.NullPointerException
	at com.orion.qa.base.OrionBase.CloseBrowser(OrionBase.java:176)
	at com.orion.qa.testcases.Test_PreApprovedTimeSheet_CancelFunctionality.CloseObjects(Test_PreApprovedTimeSheet_CancelFunctionality.java:56)
... Removed 25 stack frames</pre></div><a href='#' onClick='toggleBox("stack-trace378814088", this, "Click to show all stack frames", "Click to hide stack frames")'>Click to show all stack frames</a>
<div class='stack-trace' id='stack-trace378814088'><pre>java.lang.NullPointerException
	at com.orion.qa.base.OrionBase.CloseBrowser(OrionBase.java:176)
	at com.orion.qa.testcases.Test_PreApprovedTimeSheet_CancelFunctionality.CloseObjects(Test_PreApprovedTimeSheet_CancelFunctionality.java:56)
	at java.base/jdk.internal.reflect.NativeMethodAccessorImpl.invoke0(Native Method)
	at java.base/jdk.internal.reflect.NativeMethodAccessorImpl.invoke(Unknown Source)
	at java.base/jdk.internal.reflect.DelegatingMethodAccessorImpl.invoke(Unknown Source)
	at java.base/java.lang.reflect.Method.invoke(Unknown Source)
	at org.testng.internal.MethodInvocationHelper.invokeMethod(MethodInvocationHelper.java:108)
	at org.testng.internal.Invoker.invokeConfigurationMethod(Invoker.java:523)
	at org.testng.internal.Invoker.invokeConfigurations(Invoker.java:224)
	at org.testng.internal.Invoker.invokeConfigurations(Invoker.java:146)
	at org.testng.internal.TestMethodWorker.invokeAfterClassMethods(TestMethodWorker.java:212)
	at org.testng.internal.TestMethodWorker.run(TestMethodWorker.java:112)
	at org.testng.TestRunner.privateRun(TestRunner.java:744)
	at org.testng.TestRunner.run(TestRunner.java:602)
	at org.testng.SuiteRunner.runTest(SuiteRunner.java:380)
	at org.testng.SuiteRunner.runSequentially(SuiteRunner.java:375)
	at org.testng.SuiteRunner.privateRun(SuiteRunner.java:340)
	at org.testng.SuiteRunner.run(SuiteRunner.java:289)
	at org.testng.SuiteRunnerWorker.runSuite(SuiteRunnerWorker.java:52)
	at org.testng.SuiteRunnerWorker.run(SuiteRunnerWorker.java:86)
	at org.testng.TestNG.runSuitesSequentially(TestNG.java:1301)
	at org.testng.TestNG.runSuitesLocally(TestNG.java:1226)
	at org.testng.TestNG.runSuites(TestNG.java:1144)
	at org.testng.TestNG.run(TestNG.java:1115)
	at org.testng.remote.AbstractRemoteTestNG.run(AbstractRemoteTestNG.java:114)
	at org.testng.remote.RemoteTestNG.initAndRun(RemoteTestNG.java:251)
	at org.testng.remote.RemoteTestNG.main(RemoteTestNG.java:77)
</pre></div></td>
<td>0</td>
<td>com.orion.qa.testcases.Test_PreApprovedTimeSheet_CancelFunctionality@2d710f1a</td></tr>
</table><p>
<table width='100%' border='1' class='invocation-failed'>
<tr><td colspan='4' align='center'><b>FAILED TESTS</b></td></tr>
<tr><td><b>Test method</b></td>
<td width="30%"><b>Exception</b></td>
<td width="10%"><b>Time (seconds)</b></td>
<td><b>Instance</b></td>
</tr>
<tr>
<td title='com.orion.qa.testcases.Test_PreApprovedTimeSheet_CancelFunctionality.Test_IfEditTimeSheetPage_Isdisplayed()'><b>Test_IfEditTimeSheetPage_Isdisplayed</b><br>Test class: com.orion.qa.testcases.Test_PreApprovedTimeSheet_CancelFunctionality</td>
<td><div><pre>java.lang.NullPointerException
	at com.orion.qa.testcases.Test_PreApprovedTimeSheet_CancelFunctionality.SetTimePeriod(Test_PreApprovedTimeSheet_CancelFunctionality.java:194)
	at com.orion.qa.testcases.Test_PreApprovedTimeSheet_CancelFunctionality.Test_IfEditTimeSheetPage_Isdisplayed(Test_PreApprovedTimeSheet_CancelFunctionality.java:97)
... Removed 25 stack frames</pre></div><a href='#' onClick='toggleBox("stack-trace13918250", this, "Click to show all stack frames", "Click to hide stack frames")'>Click to show all stack frames</a>
<div class='stack-trace' id='stack-trace13918250'><pre>java.lang.NullPointerException
	at com.orion.qa.testcases.Test_PreApprovedTimeSheet_CancelFunctionality.SetTimePeriod(Test_PreApprovedTimeSheet_CancelFunctionality.java:194)
	at com.orion.qa.testcases.Test_PreApprovedTimeSheet_CancelFunctionality.Test_IfEditTimeSheetPage_Isdisplayed(Test_PreApprovedTimeSheet_CancelFunctionality.java:97)
	at java.base/jdk.internal.reflect.NativeMethodAccessorImpl.invoke0(Native Method)
	at java.base/jdk.internal.reflect.NativeMethodAccessorImpl.invoke(Unknown Source)
	at java.base/jdk.internal.reflect.DelegatingMethodAccessorImpl.invoke(Unknown Source)
	at java.base/java.lang.reflect.Method.invoke(Unknown Source)
	at org.testng.internal.MethodInvocationHelper.invokeMethod(MethodInvocationHelper.java:108)
	at org.testng.internal.Invoker.invokeMethod(Invoker.java:661)
	at org.testng.internal.Invoker.invokeTestMethod(Invoker.java:869)
	at org.testng.internal.Invoker.invokeTestMethods(Invoker.java:1193)
	at org.testng.internal.TestMethodWorker.invokeTestMethods(TestMethodWorker.java:126)
	at org.testng.internal.TestMethodWorker.run(TestMethodWorker.java:109)
	at org.testng.TestRunner.privateRun(TestRunner.java:744)
	at org.testng.TestRunner.run(TestRunner.java:602)
	at org.testng.SuiteRunner.runTest(SuiteRunner.java:380)
	at org.testng.SuiteRunner.runSequentially(SuiteRunner.java:375)
	at org.testng.SuiteRunner.privateRun(SuiteRunner.java:340)
	at org.testng.SuiteRunner.run(SuiteRunner.java:289)
	at org.testng.SuiteRunnerWorker.runSuite(SuiteRunnerWorker.java:52)
	at org.testng.SuiteRunnerWorker.run(SuiteRunnerWorker.java:86)
	at org.testng.TestNG.runSuitesSequentially(TestNG.java:1301)
	at org.testng.TestNG.runSuitesLocally(TestNG.java:1226)
	at org.testng.TestNG.runSuites(TestNG.java:1144)
	at org.testng.TestNG.run(TestNG.java:1115)
	at org.testng.remote.AbstractRemoteTestNG.run(AbstractRemoteTestNG.java:114)
	at org.testng.remote.RemoteTestNG.initAndRun(RemoteTestNG.java:251)
	at org.testng.remote.RemoteTestNG.main(RemoteTestNG.java:77)
</pre></div></td>
<td>0</td>
<td>com.orion.qa.testcases.Test_PreApprovedTimeSheet_CancelFunctionality@2d710f1a</td></tr>
</table><p>
<table width='100%' border='1' class='invocation-passed'>
<tr><td colspan='4' align='center'><b>PASSED TESTS</b></td></tr>
<tr><td><b>Test method</b></td>
<td width="30%"><b>Exception</b></td>
<td width="10%"><b>Time (seconds)</b></td>
<td><b>Instance</b></td>
</tr>
<tr>
<td title='com.orion.qa.testcases.Test_PreApprovedTimeSheet_CancelFunctionality.Test_LoginToOrion_IsSuccess()'><b>Test_LoginToOrion_IsSuccess</b><br>Test class: com.orion.qa.testcases.Test_PreApprovedTimeSheet_CancelFunctionality<br>Parameters: john, infomatics@123</td>
<td></td>
<td>0</td>
<td>com.orion.qa.testcases.Test_PreApprovedTimeSheet_CancelFunctionality@2d710f1a</td></tr>
</table><p>
<table width='100%' border='1' class='invocation-skipped'>
<tr><td colspan='4' align='center'><b>SKIPPED TESTS</b></td></tr>
<tr><td><b>Test method</b></td>
<td width="30%"><b>Exception</b></td>
<td width="10%"><b>Time (seconds)</b></td>
<td><b>Instance</b></td>
</tr>
<tr>
<td title='com.orion.qa.testcases.Test_PreApprovedTimeSheet_CancelFunctionality.Test_CancelButton_InjectTestDataandVerify()'><b>Test_CancelButton_InjectTestDataandVerify</b><br>Test class: com.orion.qa.testcases.Test_PreApprovedTimeSheet_CancelFunctionality</td>
<td><div><pre>java.lang.Throwable: Method Test_PreApprovedTimeSheet_CancelFunctionality.Test_CancelButton_InjectTestDataandVerify()[pri:4, instance:com.orion.qa.testcases.Test_PreApprovedTimeSheet_CancelFunctionality@2d710f1a] depends on not successfully finished methods
... Removed 18 stack frames</pre></div><a href='#' onClick='toggleBox("stack-trace916958177", this, "Click to show all stack frames", "Click to hide stack frames")'>Click to show all stack frames</a>
<div class='stack-trace' id='stack-trace916958177'><pre>java.lang.Throwable: Method Test_PreApprovedTimeSheet_CancelFunctionality.Test_CancelButton_InjectTestDataandVerify()[pri:4, instance:com.orion.qa.testcases.Test_PreApprovedTimeSheet_CancelFunctionality@2d710f1a] depends on not successfully finished methods
	at org.testng.internal.Invoker.invokeTestMethods(Invoker.java:1084)
	at org.testng.internal.TestMethodWorker.invokeTestMethods(TestMethodWorker.java:126)
	at org.testng.internal.TestMethodWorker.run(TestMethodWorker.java:109)
	at org.testng.TestRunner.privateRun(TestRunner.java:744)
	at org.testng.TestRunner.run(TestRunner.java:602)
	at org.testng.SuiteRunner.runTest(SuiteRunner.java:380)
	at org.testng.SuiteRunner.runSequentially(SuiteRunner.java:375)
	at org.testng.SuiteRunner.privateRun(SuiteRunner.java:340)
	at org.testng.SuiteRunner.run(SuiteRunner.java:289)
	at org.testng.SuiteRunnerWorker.runSuite(SuiteRunnerWorker.java:52)
	at org.testng.SuiteRunnerWorker.run(SuiteRunnerWorker.java:86)
	at org.testng.TestNG.runSuitesSequentially(TestNG.java:1301)
	at org.testng.TestNG.runSuitesLocally(TestNG.java:1226)
	at org.testng.TestNG.runSuites(TestNG.java:1144)
	at org.testng.TestNG.run(TestNG.java:1115)
	at org.testng.remote.AbstractRemoteTestNG.run(AbstractRemoteTestNG.java:114)
	at org.testng.remote.RemoteTestNG.initAndRun(RemoteTestNG.java:251)
	at org.testng.remote.RemoteTestNG.main(RemoteTestNG.java:77)
</pre></div></td>
<td>0</td>
<td>null</td></tr>
<tr>
<td title='com.orion.qa.testcases.Test_PreApprovedTimeSheet_CancelFunctionality.Test_CancelButton_IsDisplayed()'><b>Test_CancelButton_IsDisplayed</b><br>Test class: com.orion.qa.testcases.Test_PreApprovedTimeSheet_CancelFunctionality</td>
<td><div><pre>java.lang.Throwable: Method Test_PreApprovedTimeSheet_CancelFunctionality.Test_CancelButton_IsDisplayed()[pri:3, instance:com.orion.qa.testcases.Test_PreApprovedTimeSheet_CancelFunctionality@2d710f1a] depends on not successfully finished methods
... Removed 18 stack frames</pre></div><a href='#' onClick='toggleBox("stack-trace75356024", this, "Click to show all stack frames", "Click to hide stack frames")'>Click to show all stack frames</a>
<div class='stack-trace' id='stack-trace75356024'><pre>java.lang.Throwable: Method Test_PreApprovedTimeSheet_CancelFunctionality.Test_CancelButton_IsDisplayed()[pri:3, instance:com.orion.qa.testcases.Test_PreApprovedTimeSheet_CancelFunctionality@2d710f1a] depends on not successfully finished methods
	at org.testng.internal.Invoker.invokeTestMethods(Invoker.java:1084)
	at org.testng.internal.TestMethodWorker.invokeTestMethods(TestMethodWorker.java:126)
	at org.testng.internal.TestMethodWorker.run(TestMethodWorker.java:109)
	at org.testng.TestRunner.privateRun(TestRunner.java:744)
	at org.testng.TestRunner.run(TestRunner.java:602)
	at org.testng.SuiteRunner.runTest(SuiteRunner.java:380)
	at org.testng.SuiteRunner.runSequentially(SuiteRunner.java:375)
	at org.testng.SuiteRunner.privateRun(SuiteRunner.java:340)
	at org.testng.SuiteRunner.run(SuiteRunner.java:289)
	at org.testng.SuiteRunnerWorker.runSuite(SuiteRunnerWorker.java:52)
	at org.testng.SuiteRunnerWorker.run(SuiteRunnerWorker.java:86)
	at org.testng.TestNG.runSuitesSequentially(TestNG.java:1301)
	at org.testng.TestNG.runSuitesLocally(TestNG.java:1226)
	at org.testng.TestNG.runSuites(TestNG.java:1144)
	at org.testng.TestNG.run(TestNG.java:1115)
	at org.testng.remote.AbstractRemoteTestNG.run(AbstractRemoteTestNG.java:114)
	at org.testng.remote.RemoteTestNG.initAndRun(RemoteTestNG.java:251)
	at org.testng.remote.RemoteTestNG.main(RemoteTestNG.java:77)
</pre></div></td>
<td>0</td>
<td>null</td></tr>
<tr>
<td title='com.orion.qa.testcases.Test_PreApprovedTimeSheet_CancelFunctionality.Test_IfUpdatedDataisCancelled()'><b>Test_IfUpdatedDataisCancelled</b><br>Test class: com.orion.qa.testcases.Test_PreApprovedTimeSheet_CancelFunctionality</td>
<td><div><pre>java.lang.Throwable: Method Test_PreApprovedTimeSheet_CancelFunctionality.Test_IfUpdatedDataisCancelled()[pri:5, instance:com.orion.qa.testcases.Test_PreApprovedTimeSheet_CancelFunctionality@2d710f1a] depends on not successfully finished methods
... Removed 18 stack frames</pre></div><a href='#' onClick='toggleBox("stack-trace235162442", this, "Click to show all stack frames", "Click to hide stack frames")'>Click to show all stack frames</a>
<div class='stack-trace' id='stack-trace235162442'><pre>java.lang.Throwable: Method Test_PreApprovedTimeSheet_CancelFunctionality.Test_IfUpdatedDataisCancelled()[pri:5, instance:com.orion.qa.testcases.Test_PreApprovedTimeSheet_CancelFunctionality@2d710f1a] depends on not successfully finished methods
	at org.testng.internal.Invoker.invokeTestMethods(Invoker.java:1084)
	at org.testng.internal.TestMethodWorker.invokeTestMethods(TestMethodWorker.java:126)
	at org.testng.internal.TestMethodWorker.run(TestMethodWorker.java:109)
	at org.testng.TestRunner.privateRun(TestRunner.java:744)
	at org.testng.TestRunner.run(TestRunner.java:602)
	at org.testng.SuiteRunner.runTest(SuiteRunner.java:380)
	at org.testng.SuiteRunner.runSequentially(SuiteRunner.java:375)
	at org.testng.SuiteRunner.privateRun(SuiteRunner.java:340)
	at org.testng.SuiteRunner.run(SuiteRunner.java:289)
	at org.testng.SuiteRunnerWorker.runSuite(SuiteRunnerWorker.java:52)
	at org.testng.SuiteRunnerWorker.run(SuiteRunnerWorker.java:86)
	at org.testng.TestNG.runSuitesSequentially(TestNG.java:1301)
	at org.testng.TestNG.runSuitesLocally(TestNG.java:1226)
	at org.testng.TestNG.runSuites(TestNG.java:1144)
	at org.testng.TestNG.run(TestNG.java:1115)
	at org.testng.remote.AbstractRemoteTestNG.run(AbstractRemoteTestNG.java:114)
	at org.testng.remote.RemoteTestNG.initAndRun(RemoteTestNG.java:251)
	at org.testng.remote.RemoteTestNG.main(RemoteTestNG.java:77)
</pre></div></td>
<td>0</td>
<td>null</td></tr>
<tr>
<td title='com.orion.qa.testcases.Test_PreApprovedTimeSheet_CancelFunctionality.Test_LogoutfromOrion_IsSuccess()'><b>Test_LogoutfromOrion_IsSuccess</b><br>Test class: com.orion.qa.testcases.Test_PreApprovedTimeSheet_CancelFunctionality</td>
<td><div><pre>java.lang.Throwable: Method Test_PreApprovedTimeSheet_CancelFunctionality.Test_LogoutfromOrion_IsSuccess()[pri:6, instance:com.orion.qa.testcases.Test_PreApprovedTimeSheet_CancelFunctionality@2d710f1a] depends on not successfully finished methods
... Removed 18 stack frames</pre></div><a href='#' onClick='toggleBox("stack-trace450589816", this, "Click to show all stack frames", "Click to hide stack frames")'>Click to show all stack frames</a>
<div class='stack-trace' id='stack-trace450589816'><pre>java.lang.Throwable: Method Test_PreApprovedTimeSheet_CancelFunctionality.Test_LogoutfromOrion_IsSuccess()[pri:6, instance:com.orion.qa.testcases.Test_PreApprovedTimeSheet_CancelFunctionality@2d710f1a] depends on not successfully finished methods
	at org.testng.internal.Invoker.invokeTestMethods(Invoker.java:1084)
	at org.testng.internal.TestMethodWorker.invokeTestMethods(TestMethodWorker.java:126)
	at org.testng.internal.TestMethodWorker.run(TestMethodWorker.java:109)
	at org.testng.TestRunner.privateRun(TestRunner.java:744)
	at org.testng.TestRunner.run(TestRunner.java:602)
	at org.testng.SuiteRunner.runTest(SuiteRunner.java:380)
	at org.testng.SuiteRunner.runSequentially(SuiteRunner.java:375)
	at org.testng.SuiteRunner.privateRun(SuiteRunner.java:340)
	at org.testng.SuiteRunner.run(SuiteRunner.java:289)
	at org.testng.SuiteRunnerWorker.runSuite(SuiteRunnerWorker.java:52)
	at org.testng.SuiteRunnerWorker.run(SuiteRunnerWorker.java:86)
	at org.testng.TestNG.runSuitesSequentially(TestNG.java:1301)
	at org.testng.TestNG.runSuitesLocally(TestNG.java:1226)
	at org.testng.TestNG.runSuites(TestNG.java:1144)
	at org.testng.TestNG.run(TestNG.java:1115)
	at org.testng.remote.AbstractRemoteTestNG.run(AbstractRemoteTestNG.java:114)
	at org.testng.remote.RemoteTestNG.initAndRun(RemoteTestNG.java:251)
	at org.testng.remote.RemoteTestNG.main(RemoteTestNG.java:77)
</pre></div></td>
<td>0</td>
<td>null</td></tr>
</table><p>
</body>
</html>