<?xml version="1.0" encoding="UTF-8"?>
<!-- Generated by org.testng.reporters.JUnitXMLReporter -->
<testsuite ignored="0" hostname="DESKTOP-FKH366F" failures="0" tests="5" name="Default test" time="0.244" errors="0" timestamp="30 Apr 2018 18:33:13 GMT">
  <testcase classname="com.orion.qa.testcases.Test_ApprovedTimeSheet_CancelFunctionality" name="@BeforeClass InitObjects" time="0.0">
    <failure type="org.testng.TestNGException" message="
Parameter &amp;apos;Browser&amp;apos; is required by BeforeClass on method InitObjects but has not been marked @Optional or defined
in C:\Users\jasel\AppData\Local\Temp\testng-eclipse--1665986237\testng-customsuite.xml">
      <![CDATA[org.testng.TestNGException: 
Parameter 'Browser' is required by BeforeClass on method InitObjects but has not been marked @Optional or defined
in C:\Users\jasel\AppData\Local\Temp\testng-eclipse--1665986237\testng-customsuite.xml
	at org.testng.internal.Parameters.createParameters(Parameters.java:199)
	at org.testng.internal.Parameters.createParameters(Parameters.java:443)
	at org.testng.internal.Parameters.createConfigurationParameters(Parameters.java:118)
	at org.testng.internal.Invoker.invokeConfigurations(Invoker.java:206)
	at org.testng.internal.Invoker.invokeConfigurations(Invoker.java:146)
	at org.testng.internal.TestMethodWorker.invokeBeforeClassMethods(TestMethodWorker.java:166)
	at org.testng.internal.TestMethodWorker.run(TestMethodWorker.java:105)
	at org.testng.TestRunner.privateRun(TestRunner.java:744)
	at org.testng.TestRunner.run(TestRunner.java:602)
	at org.testng.SuiteRunner.runTest(SuiteRunner.java:380)
	at org.testng.SuiteRunner.runSequentially(SuiteRunner.java:375)
	at org.testng.SuiteRunner.privateRun(SuiteRunner.java:340)
	at org.testng.SuiteRunner.run(SuiteRunner.java:289)
	at org.testng.SuiteRunnerWorker.runSuite(SuiteRunnerWorker.java:52)
	at org.testng.SuiteRunnerWorker.run(SuiteRunnerWorker.java:86)
	at org.testng.TestNG.runSuitesSequentially(TestNG.java:1301)
	at org.testng.TestNG.runSuitesLocally(TestNG.java:1226)
	at org.testng.TestNG.runSuites(TestNG.java:1144)
	at org.testng.TestNG.run(TestNG.java:1115)
	at org.testng.remote.AbstractRemoteTestNG.run(AbstractRemoteTestNG.java:114)
	at org.testng.remote.RemoteTestNG.initAndRun(RemoteTestNG.java:251)
	at org.testng.remote.RemoteTestNG.main(RemoteTestNG.java:77)
]]>
    </failure>
  </testcase> <!-- @BeforeClass InitObjects -->
  <testcase classname="com.orion.qa.testcases.Test_ApprovedTimeSheet_CancelFunctionality" name="@AfterClass CloseObjects" time="0.0">
    <skipped/>
  </testcase> <!-- @AfterClass CloseObjects -->
  <testcase classname="com.orion.qa.testcases.Test_ApprovedTimeSheet_CancelFunctionality" name="Test_LoginToOrion_IsSuccess" time="0.0">
    <skipped/>
  </testcase> <!-- Test_LoginToOrion_IsSuccess -->
  <testcase classname="com.orion.qa.testcases.Test_ApprovedTimeSheet_CancelFunctionality" name="Test_IfEditTimeSheetPage_Isdisplayed" time="0.0">
    <skipped/>
  </testcase> <!-- Test_IfEditTimeSheetPage_Isdisplayed -->
  <testcase classname="com.orion.qa.testcases.Test_ApprovedTimeSheet_CancelFunctionality" name="Test_EditTimesheetScreenComponents_AreDisabled" time="0.0">
    <skipped/>
  </testcase> <!-- Test_EditTimesheetScreenComponents_AreDisabled -->
  <testcase classname="com.orion.qa.testcases.Test_ApprovedTimeSheet_CancelFunctionality" name="Test_ClickCancelExists" time="0.0">
    <skipped/>
  </testcase> <!-- Test_ClickCancelExists -->
  <testcase classname="com.orion.qa.testcases.Test_ApprovedTimeSheet_CancelFunctionality" name="Test_LogoutfromOrion_IsSuccess" time="0.0">
    <skipped/>
  </testcase> <!-- Test_LogoutfromOrion_IsSuccess -->
</testsuite> <!-- Default test -->
