<?xml version="1.0" encoding="UTF-8"?>
<!-- Generated by org.testng.reporters.JUnitXMLReporter -->
<testsuite ignored="0" hostname="DESKTOP-FKH366F" failures="1" tests="6" name="OrionTimeSheet_Chrome_Test_NewTimeSheet_SaveFunctionality" time="76.523" errors="0" timestamp="21 Jun 2018 21:00:01 GMT">
  <testcase classname="com.orion.qa.testcases.Test_NewTimeSheet_SaveFunctionality" name="Test_LoginToOrion_IsSuccess" time="0.81"/>
  <testcase classname="com.orion.qa.testcases.Test_NewTimeSheet_SaveFunctionality" name="Test_IfNewTimeSheetPage_Isdisplayed" time="60.847">
    <failure type="org.openqa.selenium.NoSuchElementException" message="Cannot locate element with text: 05/06/2018 - 05/12/2018
For documentation on this error, please visit: http://seleniumhq.org/exceptions/no_such_element.html
Build info: version: &amp;apos;3.11.0&amp;apos;, revision: &amp;apos;e59cfb3&amp;apos;, time: &amp;apos;2018-03-11T20:26:55.152Z&amp;apos;
System info: host: &amp;apos;DESKTOP-FKH366F&amp;apos;, ip: &amp;apos;192.168.1.97&amp;apos;, os.name: &amp;apos;Windows 10&amp;apos;, os.arch: &amp;apos;amd64&amp;apos;, os.version: &amp;apos;10.0&amp;apos;, java.version: &amp;apos;9.0.1&amp;apos;
Driver info: driver.version: unknown">
      <![CDATA[org.openqa.selenium.NoSuchElementException: Cannot locate element with text: 05/06/2018 - 05/12/2018
For documentation on this error, please visit: http://seleniumhq.org/exceptions/no_such_element.html
Build info: version: '3.11.0', revision: 'e59cfb3', time: '2018-03-11T20:26:55.152Z'
System info: host: 'DESKTOP-FKH366F', ip: '192.168.1.97', os.name: 'Windows 10', os.arch: 'amd64', os.version: '10.0', java.version: '9.0.1'
Driver info: driver.version: unknown
	at org.openqa.selenium.support.ui.Select.selectByVisibleText(Select.java:151)
	at com.orion.qa.testcases.Test_NewTimeSheet_SaveFunctionality.Test_IfNewTimeSheetPage_Isdisplayed(Test_NewTimeSheet_SaveFunctionality.java:104)
... Removed 25 stack frames]]>
    </failure>
  </testcase> <!-- Test_IfNewTimeSheetPage_Isdisplayed -->
  <testcase classname="com.orion.qa.testcases.Test_NewTimeSheet_SaveFunctionality" name="Test_IfSaveMessage_IsDisplayed" time="0.0">
    <skipped/>
  </testcase> <!-- Test_IfSaveMessage_IsDisplayed -->
  <testcase classname="com.orion.qa.testcases.Test_NewTimeSheet_SaveFunctionality" name="Test_VerifyTimeSheetMainPageisDisplayed" time="0.0">
    <skipped/>
  </testcase> <!-- Test_VerifyTimeSheetMainPageisDisplayed -->
  <testcase classname="com.orion.qa.testcases.Test_NewTimeSheet_SaveFunctionality" name="Test_IfDataSavedCorrectly" time="0.0">
    <skipped/>
  </testcase> <!-- Test_IfDataSavedCorrectly -->
  <testcase classname="com.orion.qa.testcases.Test_NewTimeSheet_SaveFunctionality" name="Test_LogoutfromOrion_IsSuccess" time="0.0">
    <skipped/>
  </testcase> <!-- Test_LogoutfromOrion_IsSuccess -->
</testsuite> <!-- OrionTimeSheet_Chrome_Test_NewTimeSheet_SaveFunctionality -->
